{"total": {"lines":{"total":1489,"covered":554,"skipped":0,"pct":37.2},"statements":{"total":1599,"covered":586,"skipped":0,"pct":36.64},"functions":{"total":362,"covered":109,"skipped":0,"pct":30.11},"branches":{"total":734,"covered":361,"skipped":0,"pct":49.18},"branchesTrue":{"total":0,"covered":0,"skipped":0,"pct":"Unknown"}}
,"C:\\Users\\Lorenzo Bela\\Downloads\\Thesis 24-25 Smart Top Box\\mobile\\src\\services\\SafetyLogic.ts": {"lines":{"total":31,"covered":31,"skipped":0,"pct":100},"functions":{"total":8,"covered":8,"skipped":0,"pct":100},"statements":{"total":36,"covered":36,"skipped":0,"pct":100},"branches":{"total":19,"covered":14,"skipped":0,"pct":73.68}}
,"C:\\Users\\Lorenzo Bela\\Downloads\\Thesis 24-25 Smart Top Box\\mobile\\src\\services\\addressUpdateService.ts": {"lines":{"total":134,"covered":48,"skipped":0,"pct":35.82},"functions":{"total":28,"covered":8,"skipped":0,"pct":28.57},"statements":{"total":141,"covered":48,"skipped":0,"pct":34.04},"branches":{"total":86,"covered":42,"skipped":0,"pct":48.83}}
,"C:\\Users\\Lorenzo Bela\\Downloads\\Thesis 24-25 Smart Top Box\\mobile\\src\\services\\adminOverrideService.ts": {"lines":{"total":24,"covered":10,"skipped":0,"pct":41.66},"functions":{"total":9,"covered":4,"skipped":0,"pct":44.44},"statements":{"total":28,"covered":13,"skipped":0,"pct":46.42},"branches":{"total":21,"covered":13,"skipped":0,"pct":61.9}}
,"C:\\Users\\Lorenzo Bela\\Downloads\\Thesis 24-25 Smart Top Box\\mobile\\src\\services\\deliveryReassignmentService.ts": {"lines":{"total":42,"covered":20,"skipped":0,"pct":47.61},"functions":{"total":14,"covered":6,"skipped":0,"pct":42.85},"statements":{"total":50,"covered":25,"skipped":0,"pct":50},"branches":{"total":42,"covered":24,"skipped":0,"pct":57.14}}
,"C:\\Users\\Lorenzo Bela\\Downloads\\Thesis 24-25 Smart Top Box\\mobile\\src\\services\\firebaseClient.ts": {"lines":{"total":330,"covered":48,"skipped":0,"pct":14.54},"functions":{"total":125,"covered":18,"skipped":0,"pct":14.4},"statements":{"total":363,"covered":49,"skipped":0,"pct":13.49},"branches":{"total":71,"covered":22,"skipped":0,"pct":30.98}}
,"C:\\Users\\Lorenzo Bela\\Downloads\\Thesis 24-25 Smart Top Box\\mobile\\src\\services\\geofenceStabilityService.ts": {"lines":{"total":69,"covered":52,"skipped":0,"pct":75.36},"functions":{"total":14,"covered":9,"skipped":0,"pct":64.28},"statements":{"total":73,"covered":56,"skipped":0,"pct":76.71},"branches":{"total":54,"covered":31,"skipped":0,"pct":57.4}}
,"C:\\Users\\Lorenzo Bela\\Downloads\\Thesis 24-25 Smart Top Box\\mobile\\src\\services\\hardwareStatusService.ts": {"lines":{"total":84,"covered":82,"skipped":0,"pct":97.61},"functions":{"total":7,"covered":7,"skipped":0,"pct":100},"statements":{"total":84,"covered":82,"skipped":0,"pct":97.61},"branches":{"total":116,"covered":101,"skipped":0,"pct":87.06}}
,"C:\\Users\\Lorenzo Bela\\Downloads\\Thesis 24-25 Smart Top Box\\mobile\\src\\services\\locationRedundancy.ts": {"lines":{"total":131,"covered":44,"skipped":0,"pct":33.58},"functions":{"total":29,"covered":6,"skipped":0,"pct":20.68},"statements":{"total":145,"covered":44,"skipped":0,"pct":30.34},"branches":{"total":82,"covered":9,"skipped":0,"pct":10.97}}
,"C:\\Users\\Lorenzo Bela\\Downloads\\Thesis 24-25 Smart Top Box\\mobile\\src\\services\\offlineCache.ts": {"lines":{"total":61,"covered":54,"skipped":0,"pct":88.52},"functions":{"total":9,"covered":9,"skipped":0,"pct":100},"statements":{"total":61,"covered":54,"skipped":0,"pct":88.52},"branches":{"total":14,"covered":10,"skipped":0,"pct":71.42}}
,"C:\\Users\\Lorenzo Bela\\Downloads\\Thesis 24-25 Smart Top Box\\mobile\\src\\services\\quotaMonitorService.ts": {"lines":{"total":121,"covered":43,"skipped":0,"pct":35.53},"functions":{"total":30,"covered":10,"skipped":0,"pct":33.33},"statements":{"total":134,"covered":53,"skipped":0,"pct":39.55},"branches":{"total":56,"covered":39,"skipped":0,"pct":69.64}}
,"C:\\Users\\Lorenzo Bela\\Downloads\\Thesis 24-25 Smart Top Box\\mobile\\src\\services\\riderMatchingService.ts": {"lines":{"total":116,"covered":12,"skipped":0,"pct":10.34},"functions":{"total":19,"covered":3,"skipped":0,"pct":15.78},"statements":{"total":118,"covered":12,"skipped":0,"pct":10.16},"branches":{"total":28,"covered":1,"skipped":0,"pct":3.57}}
,"C:\\Users\\Lorenzo Bela\\Downloads\\Thesis 24-25 Smart Top Box\\mobile\\src\\services\\sessionService.ts": {"lines":{"total":71,"covered":9,"skipped":0,"pct":12.67},"functions":{"total":13,"covered":1,"skipped":0,"pct":7.69},"statements":{"total":76,"covered":9,"skipped":0,"pct":11.84},"branches":{"total":18,"covered":0,"skipped":0,"pct":0}}
,"C:\\Users\\Lorenzo Bela\\Downloads\\Thesis 24-25 Smart Top Box\\mobile\\src\\services\\statusUpdateService.ts": {"lines":{"total":88,"covered":12,"skipped":0,"pct":13.63},"functions":{"total":16,"covered":3,"skipped":0,"pct":18.75},"statements":{"total":98,"covered":16,"skipped":0,"pct":16.32},"branches":{"total":34,"covered":10,"skipped":0,"pct":29.41}}
,"C:\\Users\\Lorenzo Bela\\Downloads\\Thesis 24-25 Smart Top Box\\mobile\\src\\services\\theftService.ts": {"lines":{"total":103,"covered":50,"skipped":0,"pct":48.54},"functions":{"total":28,"covered":9,"skipped":0,"pct":32.14},"statements":{"total":106,"covered":50,"skipped":0,"pct":47.16},"branches":{"total":65,"covered":34,"skipped":0,"pct":52.3}}
,"C:\\Users\\Lorenzo Bela\\Downloads\\Thesis 24-25 Smart Top Box\\mobile\\src\\services\\tokenRefreshService.ts": {"lines":{"total":84,"covered":39,"skipped":0,"pct":46.42},"functions":{"total":13,"covered":8,"skipped":0,"pct":61.53},"statements":{"total":86,"covered":39,"skipped":0,"pct":45.34},"branches":{"total":28,"covered":11,"skipped":0,"pct":39.28}}
}
