{"total": {"lines":{"total":4025,"covered":1907,"skipped":0,"pct":47.37},"statements":{"total":4238,"covered":1990,"skipped":0,"pct":46.95},"functions":{"total":1006,"covered":407,"skipped":0,"pct":40.45},"branches":{"total":2602,"covered":1175,"skipped":0,"pct":45.15},"branchesTrue":{"total":0,"covered":0,"skipped":0,"pct":100}}
,"C:\\Users\\Lorenzo Bela\\Downloads\\Thesis 24-25 Smart Top Box\\mobile\\src\\components\\CancellationStatusCard.tsx": {"lines":{"total":7,"covered":7,"skipped":0,"pct":100},"functions":{"total":1,"covered":1,"skipped":0,"pct":100},"statements":{"total":7,"covered":7,"skipped":0,"pct":100},"branches":{"total":34,"covered":33,"skipped":0,"pct":97.05}}
,"C:\\Users\\Lorenzo Bela\\Downloads\\Thesis 24-25 Smart Top Box\\mobile\\src\\components\\CustomerBleUnlockModal.tsx": {"lines":{"total":25,"covered":22,"skipped":0,"pct":88},"functions":{"total":6,"covered":6,"skipped":0,"pct":100},"statements":{"total":27,"covered":24,"skipped":0,"pct":88.88},"branches":{"total":20,"covered":15,"skipped":0,"pct":75}}
,"C:\\Users\\Lorenzo Bela\\Downloads\\Thesis 24-25 Smart Top Box\\mobile\\src\\components\\CustomerHardwareBanner.tsx": {"lines":{"total":5,"covered":5,"skipped":0,"pct":100},"functions":{"total":1,"covered":1,"skipped":0,"pct":100},"statements":{"total":5,"covered":5,"skipped":0,"pct":100},"branches":{"total":4,"covered":4,"skipped":0,"pct":100}}
,"C:\\Users\\Lorenzo Bela\\Downloads\\Thesis 24-25 Smart Top Box\\mobile\\src\\components\\HardwareAlertBanner.tsx": {"lines":{"total":8,"covered":8,"skipped":0,"pct":100},"functions":{"total":4,"covered":4,"skipped":0,"pct":100},"statements":{"total":9,"covered":9,"skipped":0,"pct":100},"branches":{"total":12,"covered":12,"skipped":0,"pct":100}}
,"C:\\Users\\Lorenzo Bela\\Downloads\\Thesis 24-25 Smart Top Box\\mobile\\src\\components\\HardwareStatusBadge.tsx": {"lines":{"total":15,"covered":12,"skipped":0,"pct":80},"functions":{"total":3,"covered":2,"skipped":0,"pct":66.66},"statements":{"total":15,"covered":12,"skipped":0,"pct":80},"branches":{"total":18,"covered":16,"skipped":0,"pct":88.88}}
,"C:\\Users\\Lorenzo Bela\\Downloads\\Thesis 24-25 Smart Top Box\\mobile\\src\\components\\IncomingOrderModal.tsx": {"lines":{"total":26,"covered":26,"skipped":0,"pct":100},"functions":{"total":7,"covered":7,"skipped":0,"pct":100},"statements":{"total":30,"covered":30,"skipped":0,"pct":100},"branches":{"total":16,"covered":15,"skipped":0,"pct":93.75}}
,"C:\\Users\\Lorenzo Bela\\Downloads\\Thesis 24-25 Smart Top Box\\mobile\\src\\components\\LocationPicker.tsx": {"lines":{"total":44,"covered":13,"skipped":0,"pct":29.54},"functions":{"total":6,"covered":2,"skipped":0,"pct":33.33},"statements":{"total":44,"covered":13,"skipped":0,"pct":29.54},"branches":{"total":29,"covered":14,"skipped":0,"pct":48.27}}
,"C:\\Users\\Lorenzo Bela\\Downloads\\Thesis 24-25 Smart Top Box\\mobile\\src\\components\\ReassignmentAlertModal.tsx": {"lines":{"total":29,"covered":24,"skipped":0,"pct":82.75},"functions":{"total":5,"covered":4,"skipped":0,"pct":80},"statements":{"total":32,"covered":27,"skipped":0,"pct":84.37},"branches":{"total":30,"covered":23,"skipped":0,"pct":76.66}}
,"C:\\Users\\Lorenzo Bela\\Downloads\\Thesis 24-25 Smart Top Box\\mobile\\src\\components\\ReturnOtpDisplay.tsx": {"lines":{"total":21,"covered":21,"skipped":0,"pct":100},"functions":{"total":6,"covered":5,"skipped":0,"pct":83.33},"statements":{"total":23,"covered":22,"skipped":0,"pct":95.65},"branches":{"total":24,"covered":19,"skipped":0,"pct":79.16}}
,"C:\\Users\\Lorenzo Bela\\Downloads\\Thesis 24-25 Smart Top Box\\mobile\\src\\components\\SessionExpiryBanner.tsx": {"lines":{"total":42,"covered":12,"skipped":0,"pct":28.57},"functions":{"total":10,"covered":3,"skipped":0,"pct":30},"statements":{"total":43,"covered":12,"skipped":0,"pct":27.9},"branches":{"total":31,"covered":5,"skipped":0,"pct":16.12}}
,"C:\\Users\\Lorenzo Bela\\Downloads\\Thesis 24-25 Smart Top Box\\mobile\\src\\components\\index.ts": {"lines":{"total":0,"covered":0,"skipped":0,"pct":100},"functions":{"total":0,"covered":0,"skipped":0,"pct":100},"statements":{"total":0,"covered":0,"skipped":0,"pct":100},"branches":{"total":0,"covered":0,"skipped":0,"pct":100}}
,"C:\\Users\\Lorenzo Bela\\Downloads\\Thesis 24-25 Smart Top Box\\mobile\\src\\components\\map\\MapboxWrapper.tsx": {"lines":{"total":66,"covered":45,"skipped":0,"pct":68.18},"functions":{"total":8,"covered":5,"skipped":0,"pct":62.5},"statements":{"total":68,"covered":46,"skipped":0,"pct":67.64},"branches":{"total":50,"covered":31,"skipped":0,"pct":62}}
,"C:\\Users\\Lorenzo Bela\\Downloads\\Thesis 24-25 Smart Top Box\\mobile\\src\\components\\modals\\CancellationModal.tsx": {"lines":{"total":20,"covered":20,"skipped":0,"pct":100},"functions":{"total":5,"covered":5,"skipped":0,"pct":100},"statements":{"total":20,"covered":20,"skipped":0,"pct":100},"branches":{"total":6,"covered":6,"skipped":0,"pct":100}}
,"C:\\Users\\Lorenzo Bela\\Downloads\\Thesis 24-25 Smart Top Box\\mobile\\src\\components\\modals\\CustomerCancellationModal.tsx": {"lines":{"total":24,"covered":22,"skipped":0,"pct":91.66},"functions":{"total":8,"covered":6,"skipped":0,"pct":75},"statements":{"total":25,"covered":22,"skipped":0,"pct":88},"branches":{"total":25,"covered":22,"skipped":0,"pct":88}}
,"C:\\Users\\Lorenzo Bela\\Downloads\\Thesis 24-25 Smart Top Box\\mobile\\src\\hooks\\useLocationRedundancy.ts": {"lines":{"total":30,"covered":20,"skipped":0,"pct":66.66},"functions":{"total":11,"covered":9,"skipped":0,"pct":81.81},"statements":{"total":30,"covered":20,"skipped":0,"pct":66.66},"branches":{"total":15,"covered":5,"skipped":0,"pct":33.33}}
,"C:\\Users\\Lorenzo Bela\\Downloads\\Thesis 24-25 Smart Top Box\\mobile\\src\\screens\\admin\\AdminDashboard.tsx": {"lines":{"total":55,"covered":20,"skipped":0,"pct":36.36},"functions":{"total":19,"covered":7,"skipped":0,"pct":36.84},"statements":{"total":56,"covered":21,"skipped":0,"pct":37.5},"branches":{"total":10,"covered":0,"skipped":0,"pct":0}}
,"C:\\Users\\Lorenzo Bela\\Downloads\\Thesis 24-25 Smart Top Box\\mobile\\src\\screens\\admin\\AdminRemoteUnlockScreen.tsx": {"lines":{"total":27,"covered":9,"skipped":0,"pct":33.33},"functions":{"total":3,"covered":1,"skipped":0,"pct":33.33},"statements":{"total":27,"covered":9,"skipped":0,"pct":33.33},"branches":{"total":10,"covered":2,"skipped":0,"pct":20}}
,"C:\\Users\\Lorenzo Bela\\Downloads\\Thesis 24-25 Smart Top Box\\mobile\\src\\screens\\admin\\GlobalMapScreen.tsx": {"lines":{"total":9,"covered":6,"skipped":0,"pct":66.66},"functions":{"total":3,"covered":2,"skipped":0,"pct":66.66},"statements":{"total":9,"covered":6,"skipped":0,"pct":66.66},"branches":{"total":6,"covered":2,"skipped":0,"pct":33.33}}
,"C:\\Users\\Lorenzo Bela\\Downloads\\Thesis 24-25 Smart Top Box\\mobile\\src\\screens\\admin\\PhotoAuditScreen.tsx": {"lines":{"total":6,"covered":6,"skipped":0,"pct":100},"functions":{"total":2,"covered":2,"skipped":0,"pct":100},"statements":{"total":6,"covered":6,"skipped":0,"pct":100},"branches":{"total":2,"covered":1,"skipped":0,"pct":50}}
,"C:\\Users\\Lorenzo Bela\\Downloads\\Thesis 24-25 Smart Top Box\\mobile\\src\\screens\\admin\\TamperAlertsScreen.tsx": {"lines":{"total":10,"covered":8,"skipped":0,"pct":80},"functions":{"total":6,"covered":4,"skipped":0,"pct":66.66},"statements":{"total":10,"covered":8,"skipped":0,"pct":80},"branches":{"total":0,"covered":0,"skipped":0,"pct":100}}
,"C:\\Users\\Lorenzo Bela\\Downloads\\Thesis 24-25 Smart Top Box\\mobile\\src\\screens\\auth\\DevRoleSelectionScreen.tsx": {"lines":{"total":17,"covered":9,"skipped":0,"pct":52.94},"functions":{"total":8,"covered":4,"skipped":0,"pct":50},"statements":{"total":18,"covered":10,"skipped":0,"pct":55.55},"branches":{"total":2,"covered":0,"skipped":0,"pct":0}}
,"C:\\Users\\Lorenzo Bela\\Downloads\\Thesis 24-25 Smart Top Box\\mobile\\src\\screens\\auth\\LoginScreen.tsx": {"lines":{"total":32,"covered":16,"skipped":0,"pct":50},"functions":{"total":6,"covered":3,"skipped":0,"pct":50},"statements":{"total":34,"covered":17,"skipped":0,"pct":50},"branches":{"total":16,"covered":7,"skipped":0,"pct":43.75}}
,"C:\\Users\\Lorenzo Bela\\Downloads\\Thesis 24-25 Smart Top Box\\mobile\\src\\screens\\auth\\OTPScreen.tsx": {"lines":{"total":41,"covered":33,"skipped":0,"pct":80.48},"functions":{"total":17,"covered":9,"skipped":0,"pct":52.94},"statements":{"total":45,"covered":36,"skipped":0,"pct":80},"branches":{"total":57,"covered":37,"skipped":0,"pct":64.91}}
,"C:\\Users\\Lorenzo Bela\\Downloads\\Thesis 24-25 Smart Top Box\\mobile\\src\\screens\\auth\\RegisterScreen.tsx": {"lines":{"total":27,"covered":12,"skipped":0,"pct":44.44},"functions":{"total":6,"covered":1,"skipped":0,"pct":16.66},"statements":{"total":27,"covered":12,"skipped":0,"pct":44.44},"branches":{"total":14,"covered":3,"skipped":0,"pct":21.42}}
,"C:\\Users\\Lorenzo Bela\\Downloads\\Thesis 24-25 Smart Top Box\\mobile\\src\\screens\\auth\\RoleSelectionScreen.tsx": {"lines":{"total":25,"covered":19,"skipped":0,"pct":76},"functions":{"total":9,"covered":3,"skipped":0,"pct":33.33},"statements":{"total":26,"covered":20,"skipped":0,"pct":76.92},"branches":{"total":13,"covered":8,"skipped":0,"pct":61.53}}
,"C:\\Users\\Lorenzo Bela\\Downloads\\Thesis 24-25 Smart Top Box\\mobile\\src\\screens\\client\\BookServiceScreen.tsx": {"lines":{"total":137,"covered":37,"skipped":0,"pct":27},"functions":{"total":21,"covered":7,"skipped":0,"pct":33.33},"statements":{"total":139,"covered":38,"skipped":0,"pct":27.33},"branches":{"total":101,"covered":18,"skipped":0,"pct":17.82}}
,"C:\\Users\\Lorenzo Bela\\Downloads\\Thesis 24-25 Smart Top Box\\mobile\\src\\screens\\client\\CustomerCancellationConfirmScreen.tsx": {"lines":{"total":8,"covered":6,"skipped":0,"pct":75},"functions":{"total":3,"covered":1,"skipped":0,"pct":33.33},"statements":{"total":8,"covered":6,"skipped":0,"pct":75},"branches":{"total":18,"covered":9,"skipped":0,"pct":50}}
,"C:\\Users\\Lorenzo Bela\\Downloads\\Thesis 24-25 Smart Top Box\\mobile\\src\\screens\\client\\CustomerDashboard.tsx": {"lines":{"total":84,"covered":54,"skipped":0,"pct":64.28},"functions":{"total":31,"covered":14,"skipped":0,"pct":45.16},"statements":{"total":90,"covered":58,"skipped":0,"pct":64.44},"branches":{"total":25,"covered":12,"skipped":0,"pct":48}}
,"C:\\Users\\Lorenzo Bela\\Downloads\\Thesis 24-25 Smart Top Box\\mobile\\src\\screens\\client\\DeliveryLogScreen.tsx": {"lines":{"total":36,"covered":27,"skipped":0,"pct":75},"functions":{"total":11,"covered":6,"skipped":0,"pct":54.54},"statements":{"total":36,"covered":27,"skipped":0,"pct":75},"branches":{"total":38,"covered":22,"skipped":0,"pct":57.89}}
,"C:\\Users\\Lorenzo Bela\\Downloads\\Thesis 24-25 Smart Top Box\\mobile\\src\\screens\\client\\RatesScreen.tsx": {"lines":{"total":5,"covered":4,"skipped":0,"pct":80},"functions":{"total":2,"covered":1,"skipped":0,"pct":50},"statements":{"total":5,"covered":4,"skipped":0,"pct":80},"branches":{"total":20,"covered":10,"skipped":0,"pct":50}}
,"C:\\Users\\Lorenzo Bela\\Downloads\\Thesis 24-25 Smart Top Box\\mobile\\src\\screens\\client\\ReportScreen.tsx": {"lines":{"total":30,"covered":13,"skipped":0,"pct":43.33},"functions":{"total":9,"covered":3,"skipped":0,"pct":33.33},"statements":{"total":30,"covered":13,"skipped":0,"pct":43.33},"branches":{"total":12,"covered":3,"skipped":0,"pct":25}}
,"C:\\Users\\Lorenzo Bela\\Downloads\\Thesis 24-25 Smart Top Box\\mobile\\src\\screens\\client\\SearchingRiderScreen.tsx": {"lines":{"total":73,"covered":59,"skipped":0,"pct":80.82},"functions":{"total":18,"covered":12,"skipped":0,"pct":66.66},"statements":{"total":75,"covered":61,"skipped":0,"pct":81.33},"branches":{"total":42,"covered":36,"skipped":0,"pct":85.71}}
,"C:\\Users\\Lorenzo Bela\\Downloads\\Thesis 24-25 Smart Top Box\\mobile\\src\\screens\\client\\TrackOrderScreen.tsx": {"lines":{"total":51,"covered":28,"skipped":0,"pct":54.9},"functions":{"total":13,"covered":3,"skipped":0,"pct":23.07},"statements":{"total":51,"covered":28,"skipped":0,"pct":54.9},"branches":{"total":33,"covered":15,"skipped":0,"pct":45.45}}
,"C:\\Users\\Lorenzo Bela\\Downloads\\Thesis 24-25 Smart Top Box\\mobile\\src\\screens\\common\\DeliveryDetailScreen.tsx": {"lines":{"total":29,"covered":17,"skipped":0,"pct":58.62},"functions":{"total":7,"covered":5,"skipped":0,"pct":71.42},"statements":{"total":30,"covered":18,"skipped":0,"pct":60},"branches":{"total":16,"covered":5,"skipped":0,"pct":31.25}}
,"C:\\Users\\Lorenzo Bela\\Downloads\\Thesis 24-25 Smart Top Box\\mobile\\src\\screens\\common\\EditProfileScreen.tsx": {"lines":{"total":54,"covered":26,"skipped":0,"pct":48.14},"functions":{"total":8,"covered":3,"skipped":0,"pct":37.5},"statements":{"total":58,"covered":26,"skipped":0,"pct":44.82},"branches":{"total":36,"covered":13,"skipped":0,"pct":36.11}}
,"C:\\Users\\Lorenzo Bela\\Downloads\\Thesis 24-25 Smart Top Box\\mobile\\src\\screens\\common\\HelpCenterScreen.tsx": {"lines":{"total":11,"covered":8,"skipped":0,"pct":72.72},"functions":{"total":7,"covered":4,"skipped":0,"pct":57.14},"statements":{"total":11,"covered":8,"skipped":0,"pct":72.72},"branches":{"total":0,"covered":0,"skipped":0,"pct":100}}
,"C:\\Users\\Lorenzo Bela\\Downloads\\Thesis 24-25 Smart Top Box\\mobile\\src\\screens\\common\\PrivacyPolicyScreen.tsx": {"lines":{"total":5,"covered":4,"skipped":0,"pct":80},"functions":{"total":2,"covered":1,"skipped":0,"pct":50},"statements":{"total":5,"covered":4,"skipped":0,"pct":80},"branches":{"total":0,"covered":0,"skipped":0,"pct":100}}
,"C:\\Users\\Lorenzo Bela\\Downloads\\Thesis 24-25 Smart Top Box\\mobile\\src\\screens\\common\\ProfileScreen.tsx": {"lines":{"total":24,"covered":18,"skipped":0,"pct":75},"functions":{"total":11,"covered":7,"skipped":0,"pct":63.63},"statements":{"total":24,"covered":18,"skipped":0,"pct":75},"branches":{"total":12,"covered":11,"skipped":0,"pct":91.66}}
,"C:\\Users\\Lorenzo Bela\\Downloads\\Thesis 24-25 Smart Top Box\\mobile\\src\\screens\\common\\SavedAddressesScreen.tsx": {"lines":{"total":83,"covered":31,"skipped":0,"pct":37.34},"functions":{"total":20,"covered":3,"skipped":0,"pct":15},"statements":{"total":89,"covered":31,"skipped":0,"pct":34.83},"branches":{"total":58,"covered":10,"skipped":0,"pct":17.24}}
,"C:\\Users\\Lorenzo Bela\\Downloads\\Thesis 24-25 Smart Top Box\\mobile\\src\\screens\\common\\SettingsScreen.tsx": {"lines":{"total":30,"covered":26,"skipped":0,"pct":86.66},"functions":{"total":19,"covered":15,"skipped":0,"pct":78.94},"statements":{"total":30,"covered":26,"skipped":0,"pct":86.66},"branches":{"total":8,"covered":7,"skipped":0,"pct":87.5}}
,"C:\\Users\\Lorenzo Bela\\Downloads\\Thesis 24-25 Smart Top Box\\mobile\\src\\screens\\common\\TermsOfServiceScreen.tsx": {"lines":{"total":5,"covered":4,"skipped":0,"pct":80},"functions":{"total":2,"covered":1,"skipped":0,"pct":50},"statements":{"total":5,"covered":4,"skipped":0,"pct":80},"branches":{"total":0,"covered":0,"skipped":0,"pct":100}}
,"C:\\Users\\Lorenzo Bela\\Downloads\\Thesis 24-25 Smart Top Box\\mobile\\src\\screens\\rider\\ArrivalScreen.tsx": {"lines":{"total":209,"covered":71,"skipped":0,"pct":33.97},"functions":{"total":43,"covered":9,"skipped":0,"pct":20.93},"statements":{"total":213,"covered":72,"skipped":0,"pct":33.8},"branches":{"total":133,"covered":33,"skipped":0,"pct":24.81}}
,"C:\\Users\\Lorenzo Bela\\Downloads\\Thesis 24-25 Smart Top Box\\mobile\\src\\screens\\rider\\AssignedDeliveriesScreen.tsx": {"lines":{"total":64,"covered":30,"skipped":0,"pct":46.87},"functions":{"total":21,"covered":6,"skipped":0,"pct":28.57},"statements":{"total":68,"covered":30,"skipped":0,"pct":44.11},"branches":{"total":57,"covered":28,"skipped":0,"pct":49.12}}
,"C:\\Users\\Lorenzo Bela\\Downloads\\Thesis 24-25 Smart Top Box\\mobile\\src\\screens\\rider\\BoxControlsScreen.tsx": {"lines":{"total":186,"covered":53,"skipped":0,"pct":28.49},"functions":{"total":42,"covered":7,"skipped":0,"pct":16.66},"statements":{"total":196,"covered":56,"skipped":0,"pct":28.57},"branches":{"total":154,"covered":45,"skipped":0,"pct":29.22}}
,"C:\\Users\\Lorenzo Bela\\Downloads\\Thesis 24-25 Smart Top Box\\mobile\\src\\screens\\rider\\CancellationConfirmationScreen.tsx": {"lines":{"total":32,"covered":23,"skipped":0,"pct":71.87},"functions":{"total":12,"covered":5,"skipped":0,"pct":41.66},"statements":{"total":35,"covered":24,"skipped":0,"pct":68.57},"branches":{"total":20,"covered":11,"skipped":0,"pct":55}}
,"C:\\Users\\Lorenzo Bela\\Downloads\\Thesis 24-25 Smart Top Box\\mobile\\src\\screens\\rider\\DeliveryCompletionScreen.tsx": {"lines":{"total":6,"covered":4,"skipped":0,"pct":66.66},"functions":{"total":2,"covered":1,"skipped":0,"pct":50},"statements":{"total":6,"covered":4,"skipped":0,"pct":66.66},"branches":{"total":0,"covered":0,"skipped":0,"pct":100}}
,"C:\\Users\\Lorenzo Bela\\Downloads\\Thesis 24-25 Smart Top Box\\mobile\\src\\screens\\rider\\DeliveryRecordsScreen.tsx": {"lines":{"total":41,"covered":31,"skipped":0,"pct":75.6},"functions":{"total":16,"covered":9,"skipped":0,"pct":56.25},"statements":{"total":44,"covered":31,"skipped":0,"pct":70.45},"branches":{"total":29,"covered":16,"skipped":0,"pct":55.17}}
,"C:\\Users\\Lorenzo Bela\\Downloads\\Thesis 24-25 Smart Top Box\\mobile\\src\\screens\\rider\\HardwareStatusScreen.tsx": {"lines":{"total":25,"covered":17,"skipped":0,"pct":68},"functions":{"total":12,"covered":6,"skipped":0,"pct":50},"statements":{"total":28,"covered":19,"skipped":0,"pct":67.85},"branches":{"total":117,"covered":58,"skipped":0,"pct":49.57}}
,"C:\\Users\\Lorenzo Bela\\Downloads\\Thesis 24-25 Smart Top Box\\mobile\\src\\screens\\rider\\ReturnPackageScreen.tsx": {"lines":{"total":75,"covered":47,"skipped":0,"pct":62.66},"functions":{"total":18,"covered":8,"skipped":0,"pct":44.44},"statements":{"total":80,"covered":50,"skipped":0,"pct":62.5},"branches":{"total":84,"covered":41,"skipped":0,"pct":48.8}}
,"C:\\Users\\Lorenzo Bela\\Downloads\\Thesis 24-25 Smart Top Box\\mobile\\src\\screens\\rider\\RiderDashboard.tsx": {"lines":{"total":299,"covered":156,"skipped":0,"pct":52.17},"functions":{"total":76,"covered":35,"skipped":0,"pct":46.05},"statements":{"total":314,"covered":164,"skipped":0,"pct":52.22},"branches":{"total":197,"covered":63,"skipped":0,"pct":31.97}}
,"C:\\Users\\Lorenzo Bela\\Downloads\\Thesis 24-25 Smart Top Box\\mobile\\src\\screens\\rider\\TheftAlertScreen.tsx": {"lines":{"total":47,"covered":27,"skipped":0,"pct":57.44},"functions":{"total":11,"covered":4,"skipped":0,"pct":36.36},"statements":{"total":48,"covered":28,"skipped":0,"pct":58.33},"branches":{"total":38,"covered":21,"skipped":0,"pct":55.26}}
,"C:\\Users\\Lorenzo Bela\\Downloads\\Thesis 24-25 Smart Top Box\\mobile\\src\\screens\\rider\\TrackMyBoxScreen.tsx": {"lines":{"total":49,"covered":34,"skipped":0,"pct":69.38},"functions":{"total":16,"covered":10,"skipped":0,"pct":62.5},"statements":{"total":54,"covered":38,"skipped":0,"pct":70.37},"branches":{"total":40,"covered":5,"skipped":0,"pct":12.5}}
,"C:\\Users\\Lorenzo Bela\\Downloads\\Thesis 24-25 Smart Top Box\\mobile\\src\\services\\SafetyLogic.ts": {"lines":{"total":31,"covered":31,"skipped":0,"pct":100},"functions":{"total":8,"covered":8,"skipped":0,"pct":100},"statements":{"total":36,"covered":36,"skipped":0,"pct":100},"branches":{"total":19,"covered":14,"skipped":0,"pct":73.68}}
,"C:\\Users\\Lorenzo Bela\\Downloads\\Thesis 24-25 Smart Top Box\\mobile\\src\\services\\addressUpdateService.ts": {"lines":{"total":134,"covered":48,"skipped":0,"pct":35.82},"functions":{"total":28,"covered":8,"skipped":0,"pct":28.57},"statements":{"total":141,"covered":48,"skipped":0,"pct":34.04},"branches":{"total":86,"covered":42,"skipped":0,"pct":48.83}}
,"C:\\Users\\Lorenzo Bela\\Downloads\\Thesis 24-25 Smart Top Box\\mobile\\src\\services\\adminOverrideService.ts": {"lines":{"total":24,"covered":10,"skipped":0,"pct":41.66},"functions":{"total":9,"covered":4,"skipped":0,"pct":44.44},"statements":{"total":28,"covered":13,"skipped":0,"pct":46.42},"branches":{"total":21,"covered":13,"skipped":0,"pct":61.9}}
,"C:\\Users\\Lorenzo Bela\\Downloads\\Thesis 24-25 Smart Top Box\\mobile\\src\\services\\cancellationService.ts": {"lines":{"total":105,"covered":4,"skipped":0,"pct":3.8},"functions":{"total":17,"covered":1,"skipped":0,"pct":5.88},"statements":{"total":108,"covered":4,"skipped":0,"pct":3.7},"branches":{"total":68,"covered":1,"skipped":0,"pct":1.47}}
,"C:\\Users\\Lorenzo Bela\\Downloads\\Thesis 24-25 Smart Top Box\\mobile\\src\\services\\deliveryReassignmentService.ts": {"lines":{"total":42,"covered":20,"skipped":0,"pct":47.61},"functions":{"total":14,"covered":6,"skipped":0,"pct":42.85},"statements":{"total":50,"covered":25,"skipped":0,"pct":50},"branches":{"total":42,"covered":24,"skipped":0,"pct":57.14}}
,"C:\\Users\\Lorenzo Bela\\Downloads\\Thesis 24-25 Smart Top Box\\mobile\\src\\services\\firebaseClient.ts": {"lines":{"total":306,"covered":53,"skipped":0,"pct":17.32},"functions":{"total":117,"covered":18,"skipped":0,"pct":15.38},"statements":{"total":336,"covered":54,"skipped":0,"pct":16.07},"branches":{"total":60,"covered":17,"skipped":0,"pct":28.33}}
,"C:\\Users\\Lorenzo Bela\\Downloads\\Thesis 24-25 Smart Top Box\\mobile\\src\\services\\geofenceStabilityService.ts": {"lines":{"total":69,"covered":52,"skipped":0,"pct":75.36},"functions":{"total":14,"covered":9,"skipped":0,"pct":64.28},"statements":{"total":73,"covered":56,"skipped":0,"pct":76.71},"branches":{"total":54,"covered":31,"skipped":0,"pct":57.4}}
,"C:\\Users\\Lorenzo Bela\\Downloads\\Thesis 24-25 Smart Top Box\\mobile\\src\\services\\hardwareStatusService.ts": {"lines":{"total":84,"covered":82,"skipped":0,"pct":97.61},"functions":{"total":7,"covered":7,"skipped":0,"pct":100},"statements":{"total":84,"covered":82,"skipped":0,"pct":97.61},"branches":{"total":116,"covered":101,"skipped":0,"pct":87.06}}
,"C:\\Users\\Lorenzo Bela\\Downloads\\Thesis 24-25 Smart Top Box\\mobile\\src\\services\\locationRedundancy.ts": {"lines":{"total":135,"covered":104,"skipped":0,"pct":77.03},"functions":{"total":30,"covered":17,"skipped":0,"pct":56.66},"statements":{"total":150,"covered":105,"skipped":0,"pct":70},"branches":{"total":82,"covered":39,"skipped":0,"pct":47.56}}
,"C:\\Users\\Lorenzo Bela\\Downloads\\Thesis 24-25 Smart Top Box\\mobile\\src\\services\\offlineCache.ts": {"lines":{"total":61,"covered":54,"skipped":0,"pct":88.52},"functions":{"total":9,"covered":9,"skipped":0,"pct":100},"statements":{"total":61,"covered":54,"skipped":0,"pct":88.52},"branches":{"total":14,"covered":10,"skipped":0,"pct":71.42}}
,"C:\\Users\\Lorenzo Bela\\Downloads\\Thesis 24-25 Smart Top Box\\mobile\\src\\services\\pushNotificationService.ts": {"lines":{"total":118,"covered":27,"skipped":0,"pct":22.88},"functions":{"total":18,"covered":4,"skipped":0,"pct":22.22},"statements":{"total":118,"covered":27,"skipped":0,"pct":22.88},"branches":{"total":61,"covered":10,"skipped":0,"pct":16.39}}
,"C:\\Users\\Lorenzo Bela\\Downloads\\Thesis 24-25 Smart Top Box\\mobile\\src\\services\\quotaMonitorService.ts": {"lines":{"total":121,"covered":43,"skipped":0,"pct":35.53},"functions":{"total":30,"covered":10,"skipped":0,"pct":33.33},"statements":{"total":134,"covered":53,"skipped":0,"pct":39.55},"branches":{"total":56,"covered":39,"skipped":0,"pct":69.64}}
,"C:\\Users\\Lorenzo Bela\\Downloads\\Thesis 24-25 Smart Top Box\\mobile\\src\\services\\riderMatchingService.ts": {"lines":{"total":110,"covered":12,"skipped":0,"pct":10.9},"functions":{"total":19,"covered":3,"skipped":0,"pct":15.78},"statements":{"total":112,"covered":12,"skipped":0,"pct":10.71},"branches":{"total":26,"covered":1,"skipped":0,"pct":3.84}}
,"C:\\Users\\Lorenzo Bela\\Downloads\\Thesis 24-25 Smart Top Box\\mobile\\src\\services\\sessionService.ts": {"lines":{"total":71,"covered":9,"skipped":0,"pct":12.67},"functions":{"total":13,"covered":1,"skipped":0,"pct":7.69},"statements":{"total":76,"covered":9,"skipped":0,"pct":11.84},"branches":{"total":18,"covered":0,"skipped":0,"pct":0}}
,"C:\\Users\\Lorenzo Bela\\Downloads\\Thesis 24-25 Smart Top Box\\mobile\\src\\services\\statusUpdateService.ts": {"lines":{"total":88,"covered":12,"skipped":0,"pct":13.63},"functions":{"total":16,"covered":3,"skipped":0,"pct":18.75},"statements":{"total":98,"covered":16,"skipped":0,"pct":16.32},"branches":{"total":34,"covered":10,"skipped":0,"pct":29.41}}
,"C:\\Users\\Lorenzo Bela\\Downloads\\Thesis 24-25 Smart Top Box\\mobile\\src\\services\\supabaseClient.ts": {"lines":{"total":18,"covered":3,"skipped":0,"pct":16.66},"functions":{"total":3,"covered":0,"skipped":0,"pct":0},"statements":{"total":21,"covered":3,"skipped":0,"pct":14.28},"branches":{"total":20,"covered":6,"skipped":0,"pct":30}}
,"C:\\Users\\Lorenzo Bela\\Downloads\\Thesis 24-25 Smart Top Box\\mobile\\src\\services\\theftService.ts": {"lines":{"total":103,"covered":50,"skipped":0,"pct":48.54},"functions":{"total":28,"covered":9,"skipped":0,"pct":32.14},"statements":{"total":106,"covered":50,"skipped":0,"pct":47.16},"branches":{"total":65,"covered":34,"skipped":0,"pct":52.3}}
,"C:\\Users\\Lorenzo Bela\\Downloads\\Thesis 24-25 Smart Top Box\\mobile\\src\\services\\tokenRefreshService.ts": {"lines":{"total":96,"covered":43,"skipped":0,"pct":44.79},"functions":{"total":13,"covered":8,"skipped":0,"pct":61.53},"statements":{"total":98,"covered":43,"skipped":0,"pct":43.87},"branches":{"total":28,"covered":11,"skipped":0,"pct":39.28}}
}
